2016-12-20 09:21:34 <# com.unbank.task.StatsFsjdSpider.<clinit>(StatsFsjdSpider.java:28)> INFO  [0]:
---日志系统启动成功---
2016-12-20 09:26:42 <# com.unbank.task.StatsFsjdSpider.<clinit>(StatsFsjdSpider.java:28)> INFO  [0]:
---日志系统启动成功---
2016-12-20 09:27:38 <# com.unbank.task.StatsFsjdSpider.<clinit>(StatsFsjdSpider.java:28)> INFO  [0]:
---日志系统启动成功---
2016-12-20 09:32:54 <# com.unbank.task.StatsFsydSpider.<clinit>(StatsFsydSpider.java:28)> INFO  [0]:
---日志系统启动成功---
2016-12-20 09:47:26 <# com.unbank.task.StatsFsndSpider.<clinit>(StatsFsndSpider.java:28)> INFO  [1]:
---日志系统启动成功---
2016-12-20 10:49:10 <# com.unbank.task.StatsHgjdSpider.<clinit>(StatsHgjdSpider.java:13)> INFO  [0]:
---日志系统启动成功---
2016-12-20 10:55:32 <# com.unbank.task.StatsHgydSpider.<clinit>(StatsHgydSpider.java:13)> INFO  [0]:
---日志系统启动成功---
2016-12-20 11:12:59 <# com.unbank.task.StatsFsjdSpider.<clinit>(StatsFsjdSpider.java:28)> INFO  [0]:
---日志系统启动成功---
2016-12-20 11:43:29 <# com.unbank.task.StatsFsydSpider.<clinit>(StatsFsydSpider.java:28)> INFO  [0]:
---日志系统启动成功---
2016-12-20 13:39:49 <# com.unbank.task.StatsHgjdSpider.<clinit>(StatsHgjdSpider.java:13)> INFO  [0]:
---日志系统启动成功---
2016-12-20 13:46:36 <# com.unbank.task.StatsHgydSpider.<clinit>(StatsHgydSpider.java:13)> INFO  [0]:
---日志系统启动成功---
2016-12-20 14:01:00 <# com.unbank.task.StatsHgydSpider.<clinit>(StatsHgydSpider.java:13)> INFO  [0]:
---日志系统启动成功---
2016-12-20 14:07:01 <# com.unbank.task.StatsHgydSpider.<clinit>(StatsHgydSpider.java:13)> INFO  [0]:
---日志系统启动成功---
2016-12-20 14:09:20 <# com.unbank.task.StatsHgydSpider.<clinit>(StatsHgydSpider.java:13)> INFO  [0]:
---日志系统启动成功---
2016-12-20 14:12:25 <# com.unbank.task.StatsHgydSpider.<clinit>(StatsHgydSpider.java:13)> INFO  [0]:
---日志系统启动成功---
2016-12-20 14:15:13 <# com.unbank.task.StatsHgydSpider.<clinit>(StatsHgydSpider.java:13)> INFO  [0]:
---日志系统启动成功---
2016-12-20 14:28:15 <# com.unbank.task.StatsFsydSpider.<clinit>(StatsFsydSpider.java:28)> INFO  [0]:
---日志系统启动成功---
2016-12-20 14:51:22 <# com.unbank.task.StatsHgydSpider.<clinit>(StatsHgydSpider.java:13)> INFO  [0]:
---日志系统启动成功---
2016-12-20 15:15:38 <# com.unbank.task.StatsHgydSpider.<clinit>(StatsHgydSpider.java:13)> INFO  [1]:
---日志系统启动成功---
